<?xml version="1.0" encoding="UTF-8"?>
<!-- Generated by org.testng.reporters.JUnitXMLReporter -->
<testsuite ignored="0" hostname="Sohel-PC" failures="0" tests="2" name="Mortgage_Calculator" time="40.033" errors="0" timestamp="2021-03-01T23:13:59 EST">
  <testcase classname="automation_test.mortgage_calculator.CalculateApr" name="calculateRealApr" time="9.03"/>
  <testcase classname="automation_test.mortgage_calculator.CalculateMonthlyPayment" name="calculateRate" time="5.467"/>
</testsuite> <!-- Mortgage_Calculator -->
