<?xml version="1.0" encoding="UTF-8"?>
<testng-results ignored="0" total="3" passed="3" failed="0" skipped="0">
  <reporter-output>
  </reporter-output>
  <suite started-at="2021-03-01T23:13:19 EST" name="Automation_Test" finished-at="2021-03-01T23:14:07 EST" duration-ms="48068">
    <groups>
    </groups>
    <test started-at="2021-03-01T23:13:19 EST" name="Mortgage_Calculator" finished-at="2021-03-01T23:13:59 EST" duration-ms="40033">
      <class name="automation_test.mortgage_calculator.CalculateApr">
        <test-method is-config="true" signature="BrowserInitialization()[pri:0, instance:automation_test.mortgage_calculator.CalculateApr@4d18aa28]" started-at="2021-03-01T23:13:19 EST" name="BrowserInitialization" finished-at="2021-03-01T23:13:31 EST" duration-ms="12057" status="PASS">
          <reporter-output>
          </reporter-output>
        </test-method> <!-- BrowserInitialization -->
        <test-method signature="calculateRealApr()[pri:0, instance:automation_test.mortgage_calculator.CalculateApr@4d18aa28]" started-at="2021-03-01T23:13:31 EST" name="calculateRealApr" finished-at="2021-03-01T23:13:40 EST" duration-ms="9030" status="PASS">
          <reporter-output>
          </reporter-output>
        </test-method> <!-- calculateRealApr -->
        <test-method is-config="true" signature="closeBrowser()[pri:0, instance:automation_test.mortgage_calculator.CalculateApr@4d18aa28]" started-at="2021-03-01T23:13:40 EST" name="closeBrowser" finished-at="2021-03-01T23:13:41 EST" duration-ms="1189" status="PASS">
          <reporter-output>
          </reporter-output>
        </test-method> <!-- closeBrowser -->
      </class> <!-- automation_test.mortgage_calculator.CalculateApr -->
      <class name="automation_test.mortgage_calculator.CalculateMonthlyPayment">
        <test-method is-config="true" signature="BrowserInitialization()[pri:0, instance:automation_test.mortgage_calculator.CalculateMonthlyPayment@75390459]" started-at="2021-03-01T23:13:41 EST" name="BrowserInitialization" finished-at="2021-03-01T23:13:52 EST" duration-ms="11048" status="PASS">
          <reporter-output>
          </reporter-output>
        </test-method> <!-- BrowserInitialization -->
        <test-method signature="calculateRate()[pri:0, instance:automation_test.mortgage_calculator.CalculateMonthlyPayment@75390459]" started-at="2021-03-01T23:13:52 EST" name="calculateRate" finished-at="2021-03-01T23:13:57 EST" duration-ms="5467" status="PASS">
          <reporter-output>
          </reporter-output>
        </test-method> <!-- calculateRate -->
        <test-method is-config="true" signature="closeBrowser()[pri:0, instance:automation_test.mortgage_calculator.CalculateMonthlyPayment@75390459]" started-at="2021-03-01T23:13:57 EST" name="closeBrowser" finished-at="2021-03-01T23:13:59 EST" duration-ms="1180" status="PASS">
          <reporter-output>
          </reporter-output>
        </test-method> <!-- closeBrowser -->
      </class> <!-- automation_test.mortgage_calculator.CalculateMonthlyPayment -->
    </test> <!-- Mortgage_Calculator -->
    <test started-at="2021-03-01T23:13:59 EST" name="php_travels" finished-at="2021-03-01T23:14:07 EST" duration-ms="7992">
      <class name="automation_test.php_travels.PHPTravel">
        <test-method is-config="true" signature="BrowserInitialization()[pri:0, instance:automation_test.php_travels.PHPTravel@15cafec7]" started-at="2021-03-01T23:13:59 EST" name="BrowserInitialization" finished-at="2021-03-01T23:14:05 EST" duration-ms="6729" status="PASS">
          <reporter-output>
          </reporter-output>
        </test-method> <!-- BrowserInitialization -->
        <test-method signature="validateHomePageTitle()[pri:0, instance:automation_test.php_travels.PHPTravel@15cafec7]" started-at="2021-03-01T23:14:05 EST" name="validateHomePageTitle" finished-at="2021-03-01T23:14:05 EST" duration-ms="54" status="PASS">
          <reporter-output>
          </reporter-output>
        </test-method> <!-- validateHomePageTitle -->
        <test-method is-config="true" signature="CloseBrowser()[pri:0, instance:automation_test.php_travels.PHPTravel@15cafec7]" started-at="2021-03-01T23:14:05 EST" name="CloseBrowser" finished-at="2021-03-01T23:14:07 EST" duration-ms="1208" status="PASS">
          <reporter-output>
          </reporter-output>
        </test-method> <!-- CloseBrowser -->
      </class> <!-- automation_test.php_travels.PHPTravel -->
    </test> <!-- php_travels -->
  </suite> <!-- Automation_Test -->
</testng-results>
