<?xml version="1.0" encoding="UTF-8"?>
<testsuite xmlns:xsi="http://www.w3.org/2001/XMLSchema-instance" xsi:noNamespaceSchemaLocation="https://maven.apache.org/surefire/maven-surefire-plugin/xsd/surefire-test-report-3.0.xsd" version="3.0" name="TestSuite" time="49.746" tests="3" errors="0" skipped="0" failures="0">
  <properties>
[...]
</properties>
  <testcase name="calculateRealApr" classname="automation_test.mortgage_calculator.CalculateApr" time="8.906">
    <system-out><![CDATA[[TestNGContentHandler] [WARN] It is strongly recommended to add "<!DOCTYPE suite SYSTEM "https://testng.org/testng-1.0.dtd" >" at the top of your file, otherwise TestNG may fail or not work as expected.
23:13:19.175 [main] INFO  Testing.TestNgMavenTest - <------Test Case CalculateApr Starts
23:13:19.196 [main] INFO  utilities.TestEnvironment - Execute test with chrome browser in local machine
23:13:22.293 [main] INFO  Testing.TestNgMavenTest - Invoke URL https://www.mortgagecalculator.org/
23:13:23.995 [main] INFO  Testing.TestNgMavenTest - Launch browser :https://www.mortgagecalculator.org/
]]></system-out>
    <system-err><![CDATA[SLF4J: Failed to load class "org.slf4j.impl.StaticLoggerBinder".
SLF4J: Defaulting to no-operation (NOP) logger implementation
SLF4J: See http://www.slf4j.org/codes.html#StaticLoggerBinder for further details.
Starting ChromeDriver 88.0.4324.96 (68dba2d8a0b149a1d3afac56fa74648032bcf46b-refs/branch-heads/4324@{#1784}) on port 22573
Only local connections are allowed.
Please see https://chromedriver.chromium.org/security-considerations for suggestions on keeping ChromeDriver safe.
ChromeDriver was started successfully.
Mar 01, 2021 11:13:22 PM org.openqa.selenium.remote.ProtocolHandshake createSession
INFO: Detected dialect: W3C
]]></system-err>
  </testcase>
  <testcase name="calculateRate" classname="automation_test.mortgage_calculator.CalculateMonthlyPayment" time="5.295">
    <system-out><![CDATA[23:13:41.412 [main] INFO  Testing.TestNgMavenTest - <------Test Case CalculateApr Ends
23:13:41.421 [main] INFO  Testing.TestNgMavenTest - Test Case : CalculateMonthlyPayment starts here------->
23:13:41.423 [main] INFO  utilities.TestEnvironment - Execute test with chrome browser in local machine
23:13:43.585 [main] INFO  Testing.TestNgMavenTest - Invoke URL https://www.mortgagecalculator.org/
23:13:45.181 [main] INFO  Testing.TestNgMavenTest - Launch browser :https://www.mortgagecalculator.org/
]]></system-out>
    <system-err><![CDATA[Starting ChromeDriver 88.0.4324.96 (68dba2d8a0b149a1d3afac56fa74648032bcf46b-refs/branch-heads/4324@{#1784}) on port 35018
Only local connections are allowed.
Please see https://chromedriver.chromium.org/security-considerations for suggestions on keeping ChromeDriver safe.
ChromeDriver was started successfully.
Mar 01, 2021 11:13:43 PM org.openqa.selenium.remote.ProtocolHandshake createSession
INFO: Detected dialect: W3C
]]></system-err>
  </testcase>
  <testcase name="validateHomePageTitle" classname="automation_test.php_travels.PHPTravel" time="0">
    <system-out><![CDATA[23:13:59.114 [main] INFO  Testing.TestNgMavenTest - <------Test Case Ends here------->
23:13:59.160 [main] INFO  Testing.TestNgMavenTest - <-----Test Case :PHPTravel start here------>
23:13:59.161 [main] INFO  utilities.TestEnvironment - Execute test with chrome browser in local machine
23:14:01.088 [main] INFO  Testing.TestNgMavenTest - Invoke URL https://phptravels.com/
23:14:02.707 [main] INFO  Testing.TestNgMavenTest - Launch browser :https://phptravels.com/
]]></system-out>
    <system-err><![CDATA[Starting ChromeDriver 88.0.4324.96 (68dba2d8a0b149a1d3afac56fa74648032bcf46b-refs/branch-heads/4324@{#1784}) on port 3370
Only local connections are allowed.
Please see https://chromedriver.chromium.org/security-considerations for suggestions on keeping ChromeDriver safe.
ChromeDriver was started successfully.
Mar 01, 2021 11:14:01 PM org.openqa.selenium.remote.ProtocolHandshake createSession
INFO: Detected dialect: W3C
]]></system-err>
  </testcase>
</testsuite>